<?xml version="1.0" encoding="UTF-8"?>
<testng-results skipped="0" failed="0" ignored="0" total="1" passed="1">
  <reporter-output>
  </reporter-output>
  <suite name="Suite" duration-ms="12382" started-at="2020-05-04T04:23:22Z" finished-at="2020-05-04T04:23:34Z">
    <groups>
    </groups>
    <test name="naukri login" duration-ms="12382" started-at="2020-05-04T04:23:22Z" finished-at="2020-05-04T04:23:34Z">
      <class name="com.inetbanking.testCases.TC_LoginTest_001">
        <test-method status="PASS" signature="setup(java.lang.String)[pri:0, instance:com.inetbanking.testCases.TC_LoginTest_001@3d24753a]" name="setup" is-config="true" duration-ms="9682" started-at="2020-05-04T04:23:22Z" finished-at="2020-05-04T04:23:32Z">
          <params>
            <param index="0">
              <value>
                <![CDATA[chrome]]>
              </value>
            </param>
          </params>
          <reporter-output>
          </reporter-output>
        </test-method> <!-- setup -->
        <test-method status="PASS" signature="loginTest()[pri:0, instance:com.inetbanking.testCases.TC_LoginTest_001@3d24753a]" name="loginTest" duration-ms="1784" started-at="2020-05-04T04:23:32Z" finished-at="2020-05-04T04:23:34Z">
          <reporter-output>
          </reporter-output>
        </test-method> <!-- loginTest -->
        <test-method status="PASS" signature="teardown()[pri:0, instance:com.inetbanking.testCases.TC_LoginTest_001@3d24753a]" name="teardown" is-config="true" duration-ms="665" started-at="2020-05-04T04:23:34Z" finished-at="2020-05-04T04:23:34Z">
          <reporter-output>
          </reporter-output>
        </test-method> <!-- teardown -->
      </class> <!-- com.inetbanking.testCases.TC_LoginTest_001 -->
    </test> <!-- naukri login -->
  </suite> <!-- Suite -->
</testng-results>
