<?xml version="1.0" encoding="UTF-8"?>
<testng-results skipped="0" failed="0" ignored="0" total="1" passed="1">
  <reporter-output>
  </reporter-output>
  <suite name="Suite" duration-ms="14591" started-at="2020-04-28T06:14:52Z" finished-at="2020-04-28T06:15:07Z">
    <groups>
    </groups>
    <test name="naukri login" duration-ms="14591" started-at="2020-04-28T06:14:52Z" finished-at="2020-04-28T06:15:07Z">
      <class name="com.inetbanking.testCases.TC_LoginTest_001">
        <test-method status="PASS" signature="setup(java.lang.String)[pri:0, instance:com.inetbanking.testCases.TC_LoginTest_001@4667ae56]" name="setup" is-config="true" duration-ms="10892" started-at="2020-04-28T06:14:53Z" finished-at="2020-04-28T06:15:04Z">
          <params>
            <param index="0">
              <value>
                <![CDATA[chrome]]>
              </value>
            </param>
          </params>
          <reporter-output>
          </reporter-output>
        </test-method> <!-- setup -->
        <test-method status="PASS" signature="loginTest()[pri:0, instance:com.inetbanking.testCases.TC_LoginTest_001@4667ae56]" name="loginTest" duration-ms="2567" started-at="2020-04-28T06:15:04Z" finished-at="2020-04-28T06:15:06Z">
          <reporter-output>
          </reporter-output>
        </test-method> <!-- loginTest -->
        <test-method status="PASS" signature="teardown()[pri:0, instance:com.inetbanking.testCases.TC_LoginTest_001@4667ae56]" name="teardown" is-config="true" duration-ms="802" started-at="2020-04-28T06:15:06Z" finished-at="2020-04-28T06:15:07Z">
          <reporter-output>
          </reporter-output>
        </test-method> <!-- teardown -->
      </class> <!-- com.inetbanking.testCases.TC_LoginTest_001 -->
    </test> <!-- naukri login -->
  </suite> <!-- Suite -->
</testng-results>
